{"/Users/cassian/Sites/trainings/oce-testing/Day3-Protractor/1-oce-first-angular-app/src/main.ts": {"path":"/Users/cassian/Sites/trainings/oce-testing/Day3-Protractor/1-oce-first-angular-app/src/main.ts","statementMap":{"0":{"start":{"line":7,"column":0},"end":{"line":9,"column":1}},"1":{"start":{"line":8,"column":2},"end":{"line":8,"column":19}},"2":{"start":{"line":11,"column":0},"end":{"line":12,"column":36}},"3":{"start":{"line":12,"column":16},"end":{"line":12,"column":34}}},"fnMap":{"0":{"name":"(anonymous_0)","decl":{"start":{"line":12,"column":9},"end":{"line":12,"column":11}},"loc":{"start":{"line":12,"column":16},"end":{"line":12,"column":34}}}},"branchMap":{"0":{"loc":{"start":{"line":7,"column":0},"end":{"line":9,"column":1}},"type":"if","locations":[{"start":{"line":7,"column":0},"end":{"line":9,"column":1}},{"start":{"line":7,"column":0},"end":{"line":9,"column":1}}]}},"s":{"0":1,"1":0,"2":1,"3":0},"f":{"0":0},"b":{"0":[0,1]}}
,"/Users/cassian/Sites/trainings/oce-testing/Day3-Protractor/1-oce-first-angular-app/src/app/app.component.ts": {"path":"/Users/cassian/Sites/trainings/oce-testing/Day3-Protractor/1-oce-first-angular-app/src/app/app.component.ts","statementMap":{"0":{"start":{"line":8,"column":0},"end":{"line":10,"column":1}},"1":{"start":{"line":9,"column":2},"end":{"line":9,"column":34}},"2":{"start":{"line":8,"column":13},"end":{"line":10,"column":1}}},"fnMap":{"0":{"name":"(anonymous_0)","decl":{"start":{"line":3,"column":0},"end":{"line":null,"column":-1}},"loc":{"start":{"line":3,"column":0},"end":{"line":10,"column":1}}}},"branchMap":{},"s":{"0":1,"1":1,"2":1},"f":{"0":1},"b":{}}
,"/Users/cassian/Sites/trainings/oce-testing/Day3-Protractor/1-oce-first-angular-app/src/app/app.module.ts": {"path":"/Users/cassian/Sites/trainings/oce-testing/Day3-Protractor/1-oce-first-angular-app/src/app/app.module.ts","statementMap":{"0":{"start":{"line":20,"column":0},"end":{"line":20,"column":26}},"1":{"start":{"line":20,"column":13},"end":{"line":20,"column":26}}},"fnMap":{},"branchMap":{},"s":{"0":1,"1":1},"f":{},"b":{}}
,"/Users/cassian/Sites/trainings/oce-testing/Day3-Protractor/1-oce-first-angular-app/src/app/our-new-module/our-new-module.module.ts": {"path":"/Users/cassian/Sites/trainings/oce-testing/Day3-Protractor/1-oce-first-angular-app/src/app/our-new-module/our-new-module.module.ts","statementMap":{"0":{"start":{"line":15,"column":0},"end":{"line":15,"column":35}},"1":{"start":{"line":15,"column":13},"end":{"line":15,"column":35}}},"fnMap":{},"branchMap":{},"s":{"0":1,"1":1},"f":{},"b":{}}
,"/Users/cassian/Sites/trainings/oce-testing/Day3-Protractor/1-oce-first-angular-app/src/app/our-new-module/hello-world/hello-world.component.ts": {"path":"/Users/cassian/Sites/trainings/oce-testing/Day3-Protractor/1-oce-first-angular-app/src/app/our-new-module/hello-world/hello-world.component.ts","statementMap":{"0":{"start":{"line":8,"column":0},"end":{"line":15,"column":1}},"1":{"start":{"line":8,"column":13},"end":{"line":15,"column":1}}},"fnMap":{"0":{"name":"(anonymous_0)","decl":{"start":{"line":10,"column":2},"end":{"line":10,"column":17}},"loc":{"start":{"line":10,"column":2},"end":{"line":10,"column":19}}},"1":{"name":"(anonymous_1)","decl":{"start":{"line":12,"column":2},"end":{"line":12,"column":9}},"loc":{"start":{"line":12,"column":10},"end":{"line":13,"column":3}}}},"branchMap":{},"s":{"0":1,"1":1},"f":{"0":2,"1":2},"b":{}}
,"/Users/cassian/Sites/trainings/oce-testing/Day3-Protractor/1-oce-first-angular-app/src/environments/environment.ts": {"path":"/Users/cassian/Sites/trainings/oce-testing/Day3-Protractor/1-oce-first-angular-app/src/environments/environment.ts","statementMap":{"0":{"start":{"line":5,"column":27},"end":{"line":7,"column":1}}},"fnMap":{},"branchMap":{},"s":{"0":1},"f":{},"b":{}}
}
