TN:
SF:/Users/cassian/Sites/trainings/oce-testing/Day3-Protractor/1-oce-first-angular-app/src/main.ts
FN:12,(anonymous_0)
FNF:1
FNH:0
FNDA:0,(anonymous_0)
DA:7,1
DA:8,0
DA:11,1
DA:12,0
LF:4
LH:2
BRDA:7,0,0,0
BRDA:7,0,1,1
BRF:2
BRH:1
end_of_record
TN:
SF:/Users/cassian/Sites/trainings/oce-testing/Day3-Protractor/1-oce-first-angular-app/src/app/app.component.ts
FN:3,(anonymous_0)
FNF:1
FNH:1
FNDA:1,(anonymous_0)
DA:8,1
DA:9,1
LF:2
LH:2
BRF:0
BRH:0
end_of_record
TN:
SF:/Users/cassian/Sites/trainings/oce-testing/Day3-Protractor/1-oce-first-angular-app/src/app/app.module.ts
FNF:0
FNH:0
DA:20,1
LF:1
LH:1
BRF:0
BRH:0
end_of_record
TN:
SF:/Users/cassian/Sites/trainings/oce-testing/Day3-Protractor/1-oce-first-angular-app/src/app/our-new-module/our-new-module.module.ts
FNF:0
FNH:0
DA:15,1
LF:1
LH:1
BRF:0
BRH:0
end_of_record
TN:
SF:/Users/cassian/Sites/trainings/oce-testing/Day3-Protractor/1-oce-first-angular-app/src/app/our-new-module/hello-world/hello-world.component.ts
FN:10,(anonymous_0)
FN:12,(anonymous_1)
FNF:2
FNH:2
FNDA:2,(anonymous_0)
FNDA:2,(anonymous_1)
DA:8,1
LF:1
LH:1
BRF:0
BRH:0
end_of_record
TN:
SF:/Users/cassian/Sites/trainings/oce-testing/Day3-Protractor/1-oce-first-angular-app/src/environments/environment.ts
FNF:0
FNH:0
DA:5,1
LF:1
LH:1
BRF:0
BRH:0
end_of_record
